11:57:23 **** Incremental Build of configuration Debug for project stm32103_fw ****
make -j6 all 
arm-none-eabi-gcc -o "stm32103_fw.elf" @"objects.list"   -mcpu=cortex-m3 -T"C:\Users\PC20\STM32CubeIDE\workspace_1.6.1\stm32103_fw\src\bsp\ldscript\STM32F103C8TX_FLASH.ld" --specs=nosys.specs -Wl,-Map="stm32103_fw.map" -Wl,--gc-sections -static --specs=nano.specs -mfloat-abi=soft -mthumb -Wl,--start-group -lc -lm -Wl,--end-group
c:\st\stm32cubeide_1.6.1\stm32cubeide\plugins\com.st.stm32cube.ide.mcu.externaltools.gnu-tools-for-stm32.9-2020-q2-update.win32_1.5.0.202011040924\tools\arm-none-eabi\bin\ld.exe:C:\Users\PC20\STM32CubeIDE\workspace_1.6.1\stm32103_fw\src\bsp\ldscript\STM32F103C8TX_FLASH.ld:39: syntax error
collect2.exe: error: ld returned 1 exit status
make: *** [makefile:68: stm32103_fw.elf] Error 1
"make -j6 all" terminated with exit code 2. Build might be incomplete.
11:57:57 **** Incremental Build of configuration Debug for project stm32103_fw ****
make -j6 all 
arm-none-eabi-gcc -o "stm32103_fw.elf" @"objects.list"   -mcpu=cortex-m3 -T"C:\Users\PC20\STM32CubeIDE\workspace_1.6.1\stm32103_fw\src\bsp\ldscript\STM32F103C8TX_FLASH.ld" --specs=nosys.specs -Wl,-Map="stm32103_fw.map" -Wl,--gc-sections -static --specs=nano.specs -mfloat-abi=soft -mthumb -Wl,--start-group -lc -lm -Wl,--end-group
c:\st\stm32cubeide_1.6.1\stm32cubeide\plugins\com.st.stm32cube.ide.mcu.externaltools.gnu-tools-for-stm32.9-2020-q2-update.win32_1.5.0.202011040924\tools\arm-none-eabi\bin\ld.exe:C:\Users\PC20\STM32CubeIDE\workspace_1.6.1\stm32103_fw\src\bsp\ldscript\STM32F103C8TX_FLASH.ld:39: syntax error
collect2.exe: error: ld returned 1 exit status
make: *** [makefile:68: stm32103_fw.elf] Error 1
"make -j6 all" terminated with exit code 2. Build might be incomplete.
11:58:23 **** Incremental Build of configuration Debug for project stm32103_fw ****
make -j6 all 
arm-none-eabi-gcc "../src/ap/ap.c" -mcpu=cortex-m3 -std=gnu11 -g3 -c -I"C:/Users/PC20/STM32CubeIDE/workspace_1.6.1/stm32103_fw/src" -I"C:/Users/PC20/STM32CubeIDE/workspace_1.6.1/stm32103_fw/src/ap" -I"C:/Users/PC20/STM32CubeIDE/workspace_1.6.1/stm32103_fw/src/bsp" -I"C:/Users/PC20/STM32CubeIDE/workspace_1.6.1/stm32103_fw/src/common" -I"C:/Users/PC20/STM32CubeIDE/workspace_1.6.1/stm32103_fw/src/hw" -I"C:/Users/PC20/STM32CubeIDE/workspace_1.6.1/stm32103_fw/src/lib" -O0 -ffunction-sections -fdata-sections -Wall -fstack-usage -MMD -MP -MF"src/ap/ap.d" -MT"src/ap/ap.o" --specs=nano.specs -mfloat-abi=soft -mthumb -o "src/ap/ap.o"
arm-none-eabi-gcc -o "stm32103_fw.elf" @"objects.list"   -mcpu=cortex-m3 -T"C:\Users\PC20\STM32CubeIDE\workspace_1.6.1\stm32103_fw\src\bsp\ldscript\STM32F103C8TX_FLASH.ld" --specs=nosys.specs -Wl,-Map="stm32103_fw.map" -Wl,--gc-sections -static --specs=nano.specs -mfloat-abi=soft -mthumb -Wl,--start-group -lc -lm -Wl,--end-group
c:\st\stm32cubeide_1.6.1\stm32cubeide\plugins\com.st.stm32cube.ide.mcu.externaltools.gnu-tools-for-stm32.9-2020-q2-update.win32_1.5.0.202011040924\tools\arm-none-eabi\bin\ld.exe:C:\Users\PC20\STM32CubeIDE\workspace_1.6.1\stm32103_fw\src\bsp\ldscript\STM32F103C8TX_FLASH.ld:39: syntax error
collect2.exe: error: ld returned 1 exit status
make: *** [makefile:68: stm32103_fw.elf] Error 1
"make -j6 all" terminated with exit code 2. Build might be incomplete.
11:59:58 **** Incremental Build of configuration Debug for project stm32103_fw ****
make -j6 all 
arm-none-eabi-gcc "../src/ap/ap.c" -mcpu=cortex-m3 -std=gnu11 -g3 -c -I"C:/Users/PC20/STM32CubeIDE/workspace_1.6.1/stm32103_fw/src" -I"C:/Users/PC20/STM32CubeIDE/workspace_1.6.1/stm32103_fw/src/ap" -I"C:/Users/PC20/STM32CubeIDE/workspace_1.6.1/stm32103_fw/src/bsp" -I"C:/Users/PC20/STM32CubeIDE/workspace_1.6.1/stm32103_fw/src/common" -I"C:/Users/PC20/STM32CubeIDE/workspace_1.6.1/stm32103_fw/src/hw" -I"C:/Users/PC20/STM32CubeIDE/workspace_1.6.1/stm32103_fw/src/lib" -O0 -ffunction-sections -fdata-sections -Wall -fstack-usage -MMD -MP -MF"src/ap/ap.d" -MT"src/ap/ap.o" --specs=nano.specs -mfloat-abi=soft -mthumb -o "src/ap/ap.o"
arm-none-eabi-gcc -o "stm32103_fw.elf" @"objects.list"   -mcpu=cortex-m3 -T"C:\Users\PC20\STM32CubeIDE\workspace_1.6.1\stm32103_fw\src\bsp\ldscript\STM32F103C8TX_FLASH.ld" --specs=nosys.specs -Wl,-Map="stm32103_fw.map" -Wl,--gc-sections -static --specs=nano.specs -mfloat-abi=soft -mthumb -Wl,--start-group -lc -lm -Wl,--end-group
c:\st\stm32cubeide_1.6.1\stm32cubeide\plugins\com.st.stm32cube.ide.mcu.externaltools.gnu-tools-for-stm32.9-2020-q2-update.win32_1.5.0.202011040924\tools\arm-none-eabi\bin\ld.exe:C:\Users\PC20\STM32CubeIDE\workspace_1.6.1\stm32103_fw\src\bsp\ldscript\STM32F103C8TX_FLASH.ld:39: syntax error
collect2.exe: error: ld returned 1 exit status
make: *** [makefile:68: stm32103_fw.elf] Error 1
"make -j6 all" terminated with exit code 2. Build might be incomplete.
12:00:21 **** Incremental Build of configuration Debug for project stm32103_fw ****
make -j6 all 
arm-none-eabi-gcc -o "stm32103_fw.elf" @"objects.list"   -mcpu=cortex-m3 -T"C:\Users\PC20\STM32CubeIDE\workspace_1.6.1\stm32103_fw\src\bsp\ldscript\STM32F103C8TX_FLASH.ld" --specs=nosys.specs -Wl,-Map="stm32103_fw.map" -Wl,--gc-sections -static --specs=nano.specs -mfloat-abi=soft -mthumb -Wl,--start-group -lc -lm -Wl,--end-group
c:\st\stm32cubeide_1.6.1\stm32cubeide\plugins\com.st.stm32cube.ide.mcu.externaltools.gnu-tools-for-stm32.9-2020-q2-update.win32_1.5.0.202011040924\tools\arm-none-eabi\bin\ld.exe:C:\Users\PC20\STM32CubeIDE\workspace_1.6.1\stm32103_fw\src\bsp\ldscript\STM32F103C8TX_FLASH.ld:39: syntax error
collect2.exe: error: ld returned 1 exit status
make: *** [makefile:68: stm32103_fw.elf] Error 1
"make -j6 all" terminated with exit code 2. Build might be incomplete.
12:00:30 **** Incremental Build of configuration Debug for project stm32103_fw ****
make -j6 all 
arm-none-eabi-gcc -o "stm32103_fw.elf" @"objects.list"   -mcpu=cortex-m3 -T"C:\Users\PC20\STM32CubeIDE\workspace_1.6.1\stm32103_fw\src\bsp\ldscript\STM32F103C8TX_FLASH.ld" --specs=nosys.specs -Wl,-Map="stm32103_fw.map" -Wl,--gc-sections -static --specs=nano.specs -mfloat-abi=soft -mthumb -Wl,--start-group -lc -lm -Wl,--end-group
c:\st\stm32cubeide_1.6.1\stm32cubeide\plugins\com.st.stm32cube.ide.mcu.externaltools.gnu-tools-for-stm32.9-2020-q2-update.win32_1.5.0.202011040924\tools\arm-none-eabi\bin\ld.exe:C:\Users\PC20\STM32CubeIDE\workspace_1.6.1\stm32103_fw\src\bsp\ldscript\STM32F103C8TX_FLASH.ld:39: syntax error
collect2.exe: error: ld returned 1 exit status
make: *** [makefile:68: stm32103_fw.elf] Error 1
"make -j6 all" terminated with exit code 2. Build might be incomplete.
12:01:20 **** Incremental Build of configuration Debug for project stm32103_fw ****
make -j6 all 
arm-none-eabi-gcc "../src/main.c" -mcpu=cortex-m3 -std=gnu11 -g3 -c -I"C:/Users/PC20/STM32CubeIDE/workspace_1.6.1/stm32103_fw/src" -I"C:/Users/PC20/STM32CubeIDE/workspace_1.6.1/stm32103_fw/src/ap" -I"C:/Users/PC20/STM32CubeIDE/workspace_1.6.1/stm32103_fw/src/bsp" -I"C:/Users/PC20/STM32CubeIDE/workspace_1.6.1/stm32103_fw/src/common" -I"C:/Users/PC20/STM32CubeIDE/workspace_1.6.1/stm32103_fw/src/hw" -I"C:/Users/PC20/STM32CubeIDE/workspace_1.6.1/stm32103_fw/src/lib" -O0 -ffunction-sections -fdata-sections -Wall -fstack-usage -MMD -MP -MF"src/main.d" -MT"src/main.o" --specs=nano.specs -mfloat-abi=soft -mthumb -o "src/main.o"
arm-none-eabi-gcc -o "stm32103_fw.elf" @"objects.list"   -mcpu=cortex-m3 -T"C:\Users\PC20\STM32CubeIDE\workspace_1.6.1\stm32103_fw\src\bsp\ldscript\STM32F103C8TX_FLASH.ld" --specs=nosys.specs -Wl,-Map="stm32103_fw.map" -Wl,--gc-sections -static --specs=nano.specs -mfloat-abi=soft -mthumb -Wl,--start-group -lc -lm -Wl,--end-group
c:\st\stm32cubeide_1.6.1\stm32cubeide\plugins\com.st.stm32cube.ide.mcu.externaltools.gnu-tools-for-stm32.9-2020-q2-update.win32_1.5.0.202011040924\tools\arm-none-eabi\bin\ld.exe:C:\Users\PC20\STM32CubeIDE\workspace_1.6.1\stm32103_fw\src\bsp\ldscript\STM32F103C8TX_FLASH.ld:39: syntax error
collect2.exe: error: ld returned 1 exit status
make: *** [makefile:68: stm32103_fw.elf] Error 1
"make -j6 all" terminated with exit code 2. Build might be incomplete.
12:01:22 **** Incremental Build of configuration Debug for project stm32103_fw ****
make -j6 all 
arm-none-eabi-gcc -o "stm32103_fw.elf" @"objects.list"   -mcpu=cortex-m3 -T"C:\Users\PC20\STM32CubeIDE\workspace_1.6.1\stm32103_fw\src\bsp\ldscript\STM32F103C8TX_FLASH.ld" --specs=nosys.specs -Wl,-Map="stm32103_fw.map" -Wl,--gc-sections -static --specs=nano.specs -mfloat-abi=soft -mthumb -Wl,--start-group -lc -lm -Wl,--end-group
c:\st\stm32cubeide_1.6.1\stm32cubeide\plugins\com.st.stm32cube.ide.mcu.externaltools.gnu-tools-for-stm32.9-2020-q2-update.win32_1.5.0.202011040924\tools\arm-none-eabi\bin\ld.exe:C:\Users\PC20\STM32CubeIDE\workspace_1.6.1\stm32103_fw\src\bsp\ldscript\STM32F103C8TX_FLASH.ld:39: syntax error
collect2.exe: error: ld returned 1 exit status
make: *** [makefile:68: stm32103_fw.elf] Error 1
"make -j6 all" terminated with exit code 2. Build might be incomplete.
12:02:54 **** Incremental Build of configuration Debug for project stm32103_fw ****
make -j6 all 
arm-none-eabi-gcc "../src/ap/ap.c" -mcpu=cortex-m3 -std=gnu11 -g3 -c -I"C:/Users/PC20/STM32CubeIDE/workspace_1.6.1/stm32103_fw/src" -I"C:/Users/PC20/STM32CubeIDE/workspace_1.6.1/stm32103_fw/src/ap" -I"C:/Users/PC20/STM32CubeIDE/workspace_1.6.1/stm32103_fw/src/bsp" -I"C:/Users/PC20/STM32CubeIDE/workspace_1.6.1/stm32103_fw/src/common" -I"C:/Users/PC20/STM32CubeIDE/workspace_1.6.1/stm32103_fw/src/hw" -I"C:/Users/PC20/STM32CubeIDE/workspace_1.6.1/stm32103_fw/src/lib" -O0 -ffunction-sections -fdata-sections -Wall -fstack-usage -MMD -MP -MF"src/ap/ap.d" -MT"src/ap/ap.o" --specs=nano.specs -mfloat-abi=soft -mthumb -o "src/ap/ap.o"
arm-none-eabi-gcc -o "stm32103_fw.elf" @"objects.list"   -mcpu=cortex-m3 -T"C:\Users\PC20\STM32CubeIDE\workspace_1.6.1\stm32103_fw\src\bsp\ldscript\STM32F103C8TX_FLASH.ld" --specs=nosys.specs -Wl,-Map="stm32103_fw.map" -Wl,--gc-sections -static --specs=nano.specs -mfloat-abi=soft -mthumb -Wl,--start-group -lc -lm -Wl,--end-group
c:\st\stm32cubeide_1.6.1\stm32cubeide\plugins\com.st.stm32cube.ide.mcu.externaltools.gnu-tools-for-stm32.9-2020-q2-update.win32_1.5.0.202011040924\tools\arm-none-eabi\bin\ld.exe:C:\Users\PC20\STM32CubeIDE\workspace_1.6.1\stm32103_fw\src\bsp\ldscript\STM32F103C8TX_FLASH.ld:39: syntax error
collect2.exe: error: ld returned 1 exit status
make: *** [makefile:68: stm32103_fw.elf] Error 1
"make -j6 all" terminated with exit code 2. Build might be incomplete.
12:03:01 **** Incremental Build of configuration Debug for project stm32103_fw ****
make -j6 all 
arm-none-eabi-gcc "../src/ap/ap.c" -mcpu=cortex-m3 -std=gnu11 -g3 -c -I"C:/Users/PC20/STM32CubeIDE/workspace_1.6.1/stm32103_fw/src" -I"C:/Users/PC20/STM32CubeIDE/workspace_1.6.1/stm32103_fw/src/ap" -I"C:/Users/PC20/STM32CubeIDE/workspace_1.6.1/stm32103_fw/src/bsp" -I"C:/Users/PC20/STM32CubeIDE/workspace_1.6.1/stm32103_fw/src/common" -I"C:/Users/PC20/STM32CubeIDE/workspace_1.6.1/stm32103_fw/src/hw" -I"C:/Users/PC20/STM32CubeIDE/workspace_1.6.1/stm32103_fw/src/lib" -O0 -ffunction-sections -fdata-sections -Wall -fstack-usage -MMD -MP -MF"src/ap/ap.d" -MT"src/ap/ap.o" --specs=nano.specs -mfloat-abi=soft -mthumb -o "src/ap/ap.o"
arm-none-eabi-gcc -o "stm32103_fw.elf" @"objects.list"   -mcpu=cortex-m3 -T"C:\Users\PC20\STM32CubeIDE\workspace_1.6.1\stm32103_fw\src\bsp\ldscript\STM32F103C8TX_FLASH.ld" --specs=nosys.specs -Wl,-Map="stm32103_fw.map" -Wl,--gc-sections -static --specs=nano.specs -mfloat-abi=soft -mthumb -Wl,--start-group -lc -lm -Wl,--end-group
c:\st\stm32cubeide_1.6.1\stm32cubeide\plugins\com.st.stm32cube.ide.mcu.externaltools.gnu-tools-for-stm32.9-2020-q2-update.win32_1.5.0.202011040924\tools\arm-none-eabi\bin\ld.exe:C:\Users\PC20\STM32CubeIDE\workspace_1.6.1\stm32103_fw\src\bsp\ldscript\STM32F103C8TX_FLASH.ld:39: syntax error
collect2.exe: error: ld returned 1 exit status
make: *** [makefile:68: stm32103_fw.elf] Error 1
"make -j6 all" terminated with exit code 2. Build might be incomplete.
12:03:15 **** Incremental Build of configuration Debug for project stm32103_fw ****
make -j6 all 
arm-none-eabi-gcc "../src/ap/ap.c" -mcpu=cortex-m3 -std=gnu11 -g3 -c -I"C:/Users/PC20/STM32CubeIDE/workspace_1.6.1/stm32103_fw/src" -I"C:/Users/PC20/STM32CubeIDE/workspace_1.6.1/stm32103_fw/src/ap" -I"C:/Users/PC20/STM32CubeIDE/workspace_1.6.1/stm32103_fw/src/bsp" -I"C:/Users/PC20/STM32CubeIDE/workspace_1.6.1/stm32103_fw/src/common" -I"C:/Users/PC20/STM32CubeIDE/workspace_1.6.1/stm32103_fw/src/hw" -I"C:/Users/PC20/STM32CubeIDE/workspace_1.6.1/stm32103_fw/src/lib" -O0 -ffunction-sections -fdata-sections -Wall -fstack-usage -MMD -MP -MF"src/ap/ap.d" -MT"src/ap/ap.o" --specs=nano.specs -mfloat-abi=soft -mthumb -o "src/ap/ap.o"
arm-none-eabi-gcc -o "stm32103_fw.elf" @"objects.list"   -mcpu=cortex-m3 -T"C:\Users\PC20\STM32CubeIDE\workspace_1.6.1\stm32103_fw\src\bsp\ldscript\STM32F103C8TX_FLASH.ld" --specs=nosys.specs -Wl,-Map="stm32103_fw.map" -Wl,--gc-sections -static --specs=nano.specs -mfloat-abi=soft -mthumb -Wl,--start-group -lc -lm -Wl,--end-group
c:\st\stm32cubeide_1.6.1\stm32cubeide\plugins\com.st.stm32cube.ide.mcu.externaltools.gnu-tools-for-stm32.9-2020-q2-update.win32_1.5.0.202011040924\tools\arm-none-eabi\bin\ld.exe:C:\Users\PC20\STM32CubeIDE\workspace_1.6.1\stm32103_fw\src\bsp\ldscript\STM32F103C8TX_FLASH.ld:39: syntax error
collect2.exe: error: ld returned 1 exit status
make: *** [makefile:68: stm32103_fw.elf] Error 1
"make -j6 all" terminated with exit code 2. Build might be incomplete.
12:04:23 **** Incremental Build of configuration Debug for project stm32103_fw ****
make -j6 all 
arm-none-eabi-gcc -o "stm32103_fw.elf" @"objects.list"   -mcpu=cortex-m3 -T"C:\Users\PC20\STM32CubeIDE\workspace_1.6.1\stm32103_fw\src\bsp\ldscript\STM32F103C8TX_FLASH.ld" --specs=nosys.specs -Wl,-Map="stm32103_fw.map" -Wl,--gc-sections -static --specs=nano.specs -mfloat-abi=soft -mthumb -Wl,--start-group -lc -lm -Wl,--end-group
c:\st\stm32cubeide_1.6.1\stm32cubeide\plugins\com.st.stm32cube.ide.mcu.externaltools.gnu-tools-for-stm32.9-2020-q2-update.win32_1.5.0.202011040924\tools\arm-none-eabi\bin\ld.exe:C:\Users\PC20\STM32CubeIDE\workspace_1.6.1\stm32103_fw\src\bsp\ldscript\STM32F103C8TX_FLASH.ld:44: syntax error
collect2.exe: error: ld returned 1 exit status
make: *** [makefile:68: stm32103_fw.elf] Error 1
"make -j6 all" terminated with exit code 2. Build might be incomplete.
12:04:35 **** Incremental Build of configuration Debug for project stm32103_fw ****
make -j6 all 
arm-none-eabi-gcc -o "stm32103_fw.elf" @"objects.list"   -mcpu=cortex-m3 -T"C:\Users\PC20\STM32CubeIDE\workspace_1.6.1\stm32103_fw\src\bsp\ldscript\STM32F103C8TX_FLASH.ld" --specs=nosys.specs -Wl,-Map="stm32103_fw.map" -Wl,--gc-sections -static --specs=nano.specs -mfloat-abi=soft -mthumb -Wl,--start-group -lc -lm -Wl,--end-group
c:\st\stm32cubeide_1.6.1\stm32cubeide\plugins\com.st.stm32cube.ide.mcu.externaltools.gnu-tools-for-stm32.9-2020-q2-update.win32_1.5.0.202011040924\tools\arm-none-eabi\bin\ld.exe:C:\Users\PC20\STM32CubeIDE\workspace_1.6.1\stm32103_fw\src\bsp\ldscript\STM32F103C8TX_FLASH.ld:52: syntax error
collect2.exe: error: ld returned 1 exit status
make: *** [makefile:68: stm32103_fw.elf] Error 1
"make -j6 all" terminated with exit code 2. Build might be incomplete.
12:04:55 **** Incremental Build of configuration Debug for project stm32103_fw ****
make -j6 all 
arm-none-eabi-gcc "../src/ap/ap.c" -mcpu=cortex-m3 -std=gnu11 -g3 -c -I"C:/Users/PC20/STM32CubeIDE/workspace_1.6.1/stm32103_fw/src" -I"C:/Users/PC20/STM32CubeIDE/workspace_1.6.1/stm32103_fw/src/ap" -I"C:/Users/PC20/STM32CubeIDE/workspace_1.6.1/stm32103_fw/src/bsp" -I"C:/Users/PC20/STM32CubeIDE/workspace_1.6.1/stm32103_fw/src/common" -I"C:/Users/PC20/STM32CubeIDE/workspace_1.6.1/stm32103_fw/src/hw" -I"C:/Users/PC20/STM32CubeIDE/workspace_1.6.1/stm32103_fw/src/lib" -O0 -ffunction-sections -fdata-sections -Wall -fstack-usage -MMD -MP -MF"src/ap/ap.d" -MT"src/ap/ap.o" --specs=nano.specs -mfloat-abi=soft -mthumb -o "src/ap/ap.o"
arm-none-eabi-gcc -o "stm32103_fw.elf" @"objects.list"   -mcpu=cortex-m3 -T"C:\Users\PC20\STM32CubeIDE\workspace_1.6.1\stm32103_fw\src\bsp\ldscript\STM32F103C8TX_FLASH.ld" --specs=nosys.specs -Wl,-Map="stm32103_fw.map" -Wl,--gc-sections -static --specs=nano.specs -mfloat-abi=soft -mthumb -Wl,--start-group -lc -lm -Wl,--end-group
Finished building target: stm32103_fw.elf
 
arm-none-eabi-objdump -h -S  stm32103_fw.elf  > "stm32103_fw.list"
arm-none-eabi-objcopy  -O binary  stm32103_fw.elf  "stm32103_fw.bin"
arm-none-eabi-size   stm32103_fw.elf 
   text	   data	    bss	    dec	    hex	filename
    612	      8	   1568	   2188	    88c	stm32103_fw.elf
Finished building: default.size.stdout
 
Finished building: stm32103_fw.list
Finished building: stm32103_fw.bin
 
 
14:03:03 **** Incremental Build of configuration Debug for project stm32103_fw ****
make -j6 all 
arm-none-eabi-gcc "../src/ap/ap.c" -mcpu=cortex-m3 -std=gnu11 -g3 -c -I"C:/Users/PC20/STM32CubeIDE/workspace_1.6.1/stm32103_fw/src" -I"C:/Users/PC20/STM32CubeIDE/workspace_1.6.1/stm32103_fw/src/ap" -I"C:/Users/PC20/STM32CubeIDE/workspace_1.6.1/stm32103_fw/src/bsp" -I"C:/Users/PC20/STM32CubeIDE/workspace_1.6.1/stm32103_fw/src/common" -I"C:/Users/PC20/STM32CubeIDE/workspace_1.6.1/stm32103_fw/src/hw" -I"C:/Users/PC20/STM32CubeIDE/workspace_1.6.1/stm32103_fw/src/lib" -O0 -ffunction-sections -fdata-sections -Wall -fstack-usage -MMD -MP -MF"src/ap/ap.d" -MT"src/ap/ap.o" --specs=nano.specs -mfloat-abi=soft -mthumb -o "src/ap/ap.o"
arm-none-eabi-gcc -o "stm32103_fw.elf" @"objects.list"   -mcpu=cortex-m3 -T"C:\Users\PC20\STM32CubeIDE\workspace_1.6.1\stm32103_fw\src\bsp\ldscript\STM32F103C8TX_FLASH.ld" --specs=nosys.specs -Wl,-Map="stm32103_fw.map" -Wl,--gc-sections -static --specs=nano.specs -mfloat-abi=soft -mthumb -Wl,--start-group -lc -lm -Wl,--end-group
Finished building target: stm32103_fw.elf
 
arm-none-eabi-objdump -h -S  stm32103_fw.elf  > "stm32103_fw.list"
arm-none-eabi-objcopy  -O binary  stm32103_fw.elf  "stm32103_fw.bin"
arm-none-eabi-size   stm32103_fw.elf 
   text	   data	    bss	    dec	    hex	filename
    612	      8	   1568	   2188	    88c	stm32103_fw.elf
Finished building: default.size.stdout
 
Finished building: stm32103_fw.list
Finished building: stm32103_fw.bin
 
 
14:54:01 **** Incremental Build of configuration Debug for project stm32103_fw ****
make -j6 all 
arm-none-eabi-gcc "../src/lib/cube_f103/Drivers/STM32F1xx_HAL_Driver/Src/stm32f1xx_hal.c" -mcpu=cortex-m3 -std=gnu11 -g3 -c -I"C:/Users/PC20/STM32CubeIDE/workspace_1.6.1/stm32103_fw/src" -I"C:/Users/PC20/STM32CubeIDE/workspace_1.6.1/stm32103_fw/src/ap" -I"C:/Users/PC20/STM32CubeIDE/workspace_1.6.1/stm32103_fw/src/bsp" -I"C:/Users/PC20/STM32CubeIDE/workspace_1.6.1/stm32103_fw/src/common" -I"C:/Users/PC20/STM32CubeIDE/workspace_1.6.1/stm32103_fw/src/hw" -I"C:/Users/PC20/STM32CubeIDE/workspace_1.6.1/stm32103_fw/src/lib" -O0 -ffunction-sections -fdata-sections -Wall -fstack-usage -MMD -MP -MF"src/lib/cube_f103/Drivers/STM32F1xx_HAL_Driver/Src/stm32f1xx_hal.d" -MT"src/lib/cube_f103/Drivers/STM32F1xx_HAL_Driver/Src/stm32f1xx_hal.o" --specs=nano.specs -mfloat-abi=soft -mthumb -o "src/lib/cube_f103/Drivers/STM32F1xx_HAL_Driver/Src/stm32f1xx_hal.o"
arm-none-eabi-gcc "../src/lib/cube_f103/Drivers/STM32F1xx_HAL_Driver/Src/stm32f1xx_hal_cortex.c" -mcpu=cortex-m3 -std=gnu11 -g3 -c -I"C:/Users/PC20/STM32CubeIDE/workspace_1.6.1/stm32103_fw/src" -I"C:/Users/PC20/STM32CubeIDE/workspace_1.6.1/stm32103_fw/src/ap" -I"C:/Users/PC20/STM32CubeIDE/workspace_1.6.1/stm32103_fw/src/bsp" -I"C:/Users/PC20/STM32CubeIDE/workspace_1.6.1/stm32103_fw/src/common" -I"C:/Users/PC20/STM32CubeIDE/workspace_1.6.1/stm32103_fw/src/hw" -I"C:/Users/PC20/STM32CubeIDE/workspace_1.6.1/stm32103_fw/src/lib" -O0 -ffunction-sections -fdata-sections -Wall -fstack-usage -MMD -MP -MF"src/lib/cube_f103/Drivers/STM32F1xx_HAL_Driver/Src/stm32f1xx_hal_cortex.d" -MT"src/lib/cube_f103/Drivers/STM32F1xx_HAL_Driver/Src/stm32f1xx_hal_cortex.o" --specs=nano.specs -mfloat-abi=soft -mthumb -o "src/lib/cube_f103/Drivers/STM32F1xx_HAL_Driver/Src/stm32f1xx_hal_cortex.o"
arm-none-eabi-gcc "../src/lib/cube_f103/Drivers/STM32F1xx_HAL_Driver/Src/stm32f1xx_hal_dma.c" -mcpu=cortex-m3 -std=gnu11 -g3 -c -I"C:/Users/PC20/STM32CubeIDE/workspace_1.6.1/stm32103_fw/src" -I"C:/Users/PC20/STM32CubeIDE/workspace_1.6.1/stm32103_fw/src/ap" -I"C:/Users/PC20/STM32CubeIDE/workspace_1.6.1/stm32103_fw/src/bsp" -I"C:/Users/PC20/STM32CubeIDE/workspace_1.6.1/stm32103_fw/src/common" -I"C:/Users/PC20/STM32CubeIDE/workspace_1.6.1/stm32103_fw/src/hw" -I"C:/Users/PC20/STM32CubeIDE/workspace_1.6.1/stm32103_fw/src/lib" -O0 -ffunction-sections -fdata-sections -Wall -fstack-usage -MMD -MP -MF"src/lib/cube_f103/Drivers/STM32F1xx_HAL_Driver/Src/stm32f1xx_hal_dma.d" -MT"src/lib/cube_f103/Drivers/STM32F1xx_HAL_Driver/Src/stm32f1xx_hal_dma.o" --specs=nano.specs -mfloat-abi=soft -mthumb -o "src/lib/cube_f103/Drivers/STM32F1xx_HAL_Driver/Src/stm32f1xx_hal_dma.o"
arm-none-eabi-gcc "../src/lib/cube_f103/Drivers/STM32F1xx_HAL_Driver/Src/stm32f1xx_hal_exti.c" -mcpu=cortex-m3 -std=gnu11 -g3 -c -I"C:/Users/PC20/STM32CubeIDE/workspace_1.6.1/stm32103_fw/src" -I"C:/Users/PC20/STM32CubeIDE/workspace_1.6.1/stm32103_fw/src/ap" -I"C:/Users/PC20/STM32CubeIDE/workspace_1.6.1/stm32103_fw/src/bsp" -I"C:/Users/PC20/STM32CubeIDE/workspace_1.6.1/stm32103_fw/src/common" -I"C:/Users/PC20/STM32CubeIDE/workspace_1.6.1/stm32103_fw/src/hw" -I"C:/Users/PC20/STM32CubeIDE/workspace_1.6.1/stm32103_fw/src/lib" -O0 -ffunction-sections -fdata-sections -Wall -fstack-usage -MMD -MP -MF"src/lib/cube_f103/Drivers/STM32F1xx_HAL_Driver/Src/stm32f1xx_hal_exti.d" -MT"src/lib/cube_f103/Drivers/STM32F1xx_HAL_Driver/Src/stm32f1xx_hal_exti.o" --specs=nano.specs -mfloat-abi=soft -mthumb -o "src/lib/cube_f103/Drivers/STM32F1xx_HAL_Driver/Src/stm32f1xx_hal_exti.o"
arm-none-eabi-gcc "../src/lib/cube_f103/Drivers/STM32F1xx_HAL_Driver/Src/stm32f1xx_hal_flash.c" -mcpu=cortex-m3 -std=gnu11 -g3 -c -I"C:/Users/PC20/STM32CubeIDE/workspace_1.6.1/stm32103_fw/src" -I"C:/Users/PC20/STM32CubeIDE/workspace_1.6.1/stm32103_fw/src/ap" -I"C:/Users/PC20/STM32CubeIDE/workspace_1.6.1/stm32103_fw/src/bsp" -I"C:/Users/PC20/STM32CubeIDE/workspace_1.6.1/stm32103_fw/src/common" -I"C:/Users/PC20/STM32CubeIDE/workspace_1.6.1/stm32103_fw/src/hw" -I"C:/Users/PC20/STM32CubeIDE/workspace_1.6.1/stm32103_fw/src/lib" -O0 -ffunction-sections -fdata-sections -Wall -fstack-usage -MMD -MP -MF"src/lib/cube_f103/Drivers/STM32F1xx_HAL_Driver/Src/stm32f1xx_hal_flash.d" -MT"src/lib/cube_f103/Drivers/STM32F1xx_HAL_Driver/Src/stm32f1xx_hal_flash.o" --specs=nano.specs -mfloat-abi=soft -mthumb -o "src/lib/cube_f103/Drivers/STM32F1xx_HAL_Driver/Src/stm32f1xx_hal_flash.o"
arm-none-eabi-gcc "../src/lib/cube_f103/Drivers/STM32F1xx_HAL_Driver/Src/stm32f1xx_hal_flash_ex.c" -mcpu=cortex-m3 -std=gnu11 -g3 -c -I"C:/Users/PC20/STM32CubeIDE/workspace_1.6.1/stm32103_fw/src" -I"C:/Users/PC20/STM32CubeIDE/workspace_1.6.1/stm32103_fw/src/ap" -I"C:/Users/PC20/STM32CubeIDE/workspace_1.6.1/stm32103_fw/src/bsp" -I"C:/Users/PC20/STM32CubeIDE/workspace_1.6.1/stm32103_fw/src/common" -I"C:/Users/PC20/STM32CubeIDE/workspace_1.6.1/stm32103_fw/src/hw" -I"C:/Users/PC20/STM32CubeIDE/workspace_1.6.1/stm32103_fw/src/lib" -O0 -ffunction-sections -fdata-sections -Wall -fstack-usage -MMD -MP -MF"src/lib/cube_f103/Drivers/STM32F1xx_HAL_Driver/Src/stm32f1xx_hal_flash_ex.d" -MT"src/lib/cube_f103/Drivers/STM32F1xx_HAL_Driver/Src/stm32f1xx_hal_flash_ex.o" --specs=nano.specs -mfloat-abi=soft -mthumb -o "src/lib/cube_f103/Drivers/STM32F1xx_HAL_Driver/Src/stm32f1xx_hal_flash_ex.o"
../src/lib/cube_f103/Drivers/STM32F1xx_HAL_Driver/Src/stm32f1xx_hal_dma.c:85:10: fatal error: stm32f1xx_hal.h: No such file or directory
   85 | #include "stm32f1xx_hal.h"
      |          ^~~~~~~~~~~~~~~~~
compilation terminated.
../src/lib/cube_f103/Drivers/STM32F1xx_HAL_Driver/Src/stm32f1xx_hal.c:36:10: fatal error: stm32f1xx_hal.h: No such file or directory
   36 | #include "stm32f1xx_hal.h"
      |          ^~~~~~~~~~~~~~~~~
../src/lib/cube_f103/Drivers/STM32F1xx_HAL_Driver/Src/stm32f1xx_hal_cortex.c:83:10: fatal error: stm32f1xx_hal.h: No such file or directory
   83 | #include "stm32f1xx_hal.h"
      |          ^~~~~~~~~~~~~~~~~
compilation terminated.
compilation terminated.
../src/lib/cube_f103/Drivers/STM32F1xx_HAL_Driver/Src/stm32f1xx_hal_flash.c:85:10: fatal error: stm32f1xx_hal.h: No such file or directory
   85 | #include "stm32f1xx_hal.h"
      |          ^~~~~~~~~~~~~~~~~
compilation terminated.
../src/lib/cube_f103/Drivers/STM32F1xx_HAL_Driver/Src/stm32f1xx_hal_exti.c:87:10: fatal error: stm32f1xx_hal.h: No such file or directory
   87 | #include "stm32f1xx_hal.h"
      |          ^~~~~~~~~~~~~~~~~
compilation terminated.
make: *** [src/lib/cube_f103/Drivers/STM32F1xx_HAL_Driver/Src/subdir.mk:59: src/lib/cube_f103/Drivers/STM32F1xx_HAL_Driver/Src/stm32f1xx_hal_dma.o] Error 1
make: *** Waiting for unfinished jobs....
../src/lib/cube_f103/Drivers/STM32F1xx_HAL_Driver/Src/stm32f1xx_hal_flash_ex.c:43:10: fatal error: stm32f1xx_hal.h: No such file or directory
   43 | #include "stm32f1xx_hal.h"
      |          ^~~~~~~~~~~~~~~~~
compilation terminated.
make: *** [src/lib/cube_f103/Drivers/STM32F1xx_HAL_Driver/Src/subdir.mk:57: src/lib/cube_f103/Drivers/STM32F1xx_HAL_Driver/Src/stm32f1xx_hal_cortex.o] Error 1
make: *** [src/lib/cube_f103/Drivers/STM32F1xx_HAL_Driver/Src/subdir.mk:55: src/lib/cube_f103/Drivers/STM32F1xx_HAL_Driver/Src/stm32f1xx_hal.o] Error 1
make: *** [src/lib/cube_f103/Drivers/STM32F1xx_HAL_Driver/Src/subdir.mk:63: src/lib/cube_f103/Drivers/STM32F1xx_HAL_Driver/Src/stm32f1xx_hal_flash.o] Error 1
make: *** [src/lib/cube_f103/Drivers/STM32F1xx_HAL_Driver/Src/subdir.mk:61: src/lib/cube_f103/Drivers/STM32F1xx_HAL_Driver/Src/stm32f1xx_hal_exti.o] Error 1
make: *** [src/lib/cube_f103/Drivers/STM32F1xx_HAL_Driver/Src/subdir.mk:65: src/lib/cube_f103/Drivers/STM32F1xx_HAL_Driver/Src/stm32f1xx_hal_flash_ex.o] Error 1
"make -j6 all" terminated with exit code 2. Build might be incomplete.
14:54:11 **** Incremental Build of configuration Debug for project stm32103_fw ****
make -j6 all 
arm-none-eabi-gcc "../src/lib/cube_f103/Drivers/STM32F1xx_HAL_Driver/Src/stm32f1xx_hal.c" -mcpu=cortex-m3 -std=gnu11 -g3 -c -I"C:/Users/PC20/STM32CubeIDE/workspace_1.6.1/stm32103_fw/src" -I"C:/Users/PC20/STM32CubeIDE/workspace_1.6.1/stm32103_fw/src/ap" -I"C:/Users/PC20/STM32CubeIDE/workspace_1.6.1/stm32103_fw/src/bsp" -I"C:/Users/PC20/STM32CubeIDE/workspace_1.6.1/stm32103_fw/src/common" -I"C:/Users/PC20/STM32CubeIDE/workspace_1.6.1/stm32103_fw/src/hw" -I"C:/Users/PC20/STM32CubeIDE/workspace_1.6.1/stm32103_fw/src/lib" -O0 -ffunction-sections -fdata-sections -Wall -fstack-usage -MMD -MP -MF"src/lib/cube_f103/Drivers/STM32F1xx_HAL_Driver/Src/stm32f1xx_hal.d" -MT"src/lib/cube_f103/Drivers/STM32F1xx_HAL_Driver/Src/stm32f1xx_hal.o" --specs=nano.specs -mfloat-abi=soft -mthumb -o "src/lib/cube_f103/Drivers/STM32F1xx_HAL_Driver/Src/stm32f1xx_hal.o"
arm-none-eabi-gcc "../src/lib/cube_f103/Drivers/STM32F1xx_HAL_Driver/Src/stm32f1xx_hal_cortex.c" -mcpu=cortex-m3 -std=gnu11 -g3 -c -I"C:/Users/PC20/STM32CubeIDE/workspace_1.6.1/stm32103_fw/src" -I"C:/Users/PC20/STM32CubeIDE/workspace_1.6.1/stm32103_fw/src/ap" -I"C:/Users/PC20/STM32CubeIDE/workspace_1.6.1/stm32103_fw/src/bsp" -I"C:/Users/PC20/STM32CubeIDE/workspace_1.6.1/stm32103_fw/src/common" -I"C:/Users/PC20/STM32CubeIDE/workspace_1.6.1/stm32103_fw/src/hw" -I"C:/Users/PC20/STM32CubeIDE/workspace_1.6.1/stm32103_fw/src/lib" -O0 -ffunction-sections -fdata-sections -Wall -fstack-usage -MMD -MP -MF"src/lib/cube_f103/Drivers/STM32F1xx_HAL_Driver/Src/stm32f1xx_hal_cortex.d" -MT"src/lib/cube_f103/Drivers/STM32F1xx_HAL_Driver/Src/stm32f1xx_hal_cortex.o" --specs=nano.specs -mfloat-abi=soft -mthumb -o "src/lib/cube_f103/Drivers/STM32F1xx_HAL_Driver/Src/stm32f1xx_hal_cortex.o"
arm-none-eabi-gcc "../src/lib/cube_f103/Drivers/STM32F1xx_HAL_Driver/Src/stm32f1xx_hal_dma.c" -mcpu=cortex-m3 -std=gnu11 -g3 -c -I"C:/Users/PC20/STM32CubeIDE/workspace_1.6.1/stm32103_fw/src" -I"C:/Users/PC20/STM32CubeIDE/workspace_1.6.1/stm32103_fw/src/ap" -I"C:/Users/PC20/STM32CubeIDE/workspace_1.6.1/stm32103_fw/src/bsp" -I"C:/Users/PC20/STM32CubeIDE/workspace_1.6.1/stm32103_fw/src/common" -I"C:/Users/PC20/STM32CubeIDE/workspace_1.6.1/stm32103_fw/src/hw" -I"C:/Users/PC20/STM32CubeIDE/workspace_1.6.1/stm32103_fw/src/lib" -O0 -ffunction-sections -fdata-sections -Wall -fstack-usage -MMD -MP -MF"src/lib/cube_f103/Drivers/STM32F1xx_HAL_Driver/Src/stm32f1xx_hal_dma.d" -MT"src/lib/cube_f103/Drivers/STM32F1xx_HAL_Driver/Src/stm32f1xx_hal_dma.o" --specs=nano.specs -mfloat-abi=soft -mthumb -o "src/lib/cube_f103/Drivers/STM32F1xx_HAL_Driver/Src/stm32f1xx_hal_dma.o"
arm-none-eabi-gcc "../src/lib/cube_f103/Drivers/STM32F1xx_HAL_Driver/Src/stm32f1xx_hal_exti.c" -mcpu=cortex-m3 -std=gnu11 -g3 -c -I"C:/Users/PC20/STM32CubeIDE/workspace_1.6.1/stm32103_fw/src" -I"C:/Users/PC20/STM32CubeIDE/workspace_1.6.1/stm32103_fw/src/ap" -I"C:/Users/PC20/STM32CubeIDE/workspace_1.6.1/stm32103_fw/src/bsp" -I"C:/Users/PC20/STM32CubeIDE/workspace_1.6.1/stm32103_fw/src/common" -I"C:/Users/PC20/STM32CubeIDE/workspace_1.6.1/stm32103_fw/src/hw" -I"C:/Users/PC20/STM32CubeIDE/workspace_1.6.1/stm32103_fw/src/lib" -O0 -ffunction-sections -fdata-sections -Wall -fstack-usage -MMD -MP -MF"src/lib/cube_f103/Drivers/STM32F1xx_HAL_Driver/Src/stm32f1xx_hal_exti.d" -MT"src/lib/cube_f103/Drivers/STM32F1xx_HAL_Driver/Src/stm32f1xx_hal_exti.o" --specs=nano.specs -mfloat-abi=soft -mthumb -o "src/lib/cube_f103/Drivers/STM32F1xx_HAL_Driver/Src/stm32f1xx_hal_exti.o"
arm-none-eabi-gcc "../src/lib/cube_f103/Drivers/STM32F1xx_HAL_Driver/Src/stm32f1xx_hal_flash.c" -mcpu=cortex-m3 -std=gnu11 -g3 -c -I"C:/Users/PC20/STM32CubeIDE/workspace_1.6.1/stm32103_fw/src" -I"C:/Users/PC20/STM32CubeIDE/workspace_1.6.1/stm32103_fw/src/ap" -I"C:/Users/PC20/STM32CubeIDE/workspace_1.6.1/stm32103_fw/src/bsp" -I"C:/Users/PC20/STM32CubeIDE/workspace_1.6.1/stm32103_fw/src/common" -I"C:/Users/PC20/STM32CubeIDE/workspace_1.6.1/stm32103_fw/src/hw" -I"C:/Users/PC20/STM32CubeIDE/workspace_1.6.1/stm32103_fw/src/lib" -O0 -ffunction-sections -fdata-sections -Wall -fstack-usage -MMD -MP -MF"src/lib/cube_f103/Drivers/STM32F1xx_HAL_Driver/Src/stm32f1xx_hal_flash.d" -MT"src/lib/cube_f103/Drivers/STM32F1xx_HAL_Driver/Src/stm32f1xx_hal_flash.o" --specs=nano.specs -mfloat-abi=soft -mthumb -o "src/lib/cube_f103/Drivers/STM32F1xx_HAL_Driver/Src/stm32f1xx_hal_flash.o"
arm-none-eabi-gcc "../src/lib/cube_f103/Drivers/STM32F1xx_HAL_Driver/Src/stm32f1xx_hal_flash_ex.c" -mcpu=cortex-m3 -std=gnu11 -g3 -c -I"C:/Users/PC20/STM32CubeIDE/workspace_1.6.1/stm32103_fw/src" -I"C:/Users/PC20/STM32CubeIDE/workspace_1.6.1/stm32103_fw/src/ap" -I"C:/Users/PC20/STM32CubeIDE/workspace_1.6.1/stm32103_fw/src/bsp" -I"C:/Users/PC20/STM32CubeIDE/workspace_1.6.1/stm32103_fw/src/common" -I"C:/Users/PC20/STM32CubeIDE/workspace_1.6.1/stm32103_fw/src/hw" -I"C:/Users/PC20/STM32CubeIDE/workspace_1.6.1/stm32103_fw/src/lib" -O0 -ffunction-sections -fdata-sections -Wall -fstack-usage -MMD -MP -MF"src/lib/cube_f103/Drivers/STM32F1xx_HAL_Driver/Src/stm32f1xx_hal_flash_ex.d" -MT"src/lib/cube_f103/Drivers/STM32F1xx_HAL_Driver/Src/stm32f1xx_hal_flash_ex.o" --specs=nano.specs -mfloat-abi=soft -mthumb -o "src/lib/cube_f103/Drivers/STM32F1xx_HAL_Driver/Src/stm32f1xx_hal_flash_ex.o"
../src/lib/cube_f103/Drivers/STM32F1xx_HAL_Driver/Src/stm32f1xx_hal.c:36:10: fatal error: stm32f1xx_hal.h: No such file or directory
   36 | #include "stm32f1xx_hal.h"
      |          ^~~~~~~~~~~~~~~~~
compilation terminated.
../src/lib/cube_f103/Drivers/STM32F1xx_HAL_Driver/Src/stm32f1xx_hal_cortex.c:83:10: fatal error: stm32f1xx_hal.h: No such file or directory
   83 | #include "stm32f1xx_hal.h"
      |          ^~~~~~~~~~~~~~~~~
compilation terminated.
../src/lib/cube_f103/Drivers/STM32F1xx_HAL_Driver/Src/stm32f1xx_hal_dma.c:85:10: fatal error: stm32f1xx_hal.h: No such file or directory
   85 | #include "stm32f1xx_hal.h"
      |          ^~~~~~~~~~~~~~~~~
compilation terminated.
make: *** [src/lib/cube_f103/Drivers/STM32F1xx_HAL_Driver/Src/subdir.mk:55: src/lib/cube_f103/Drivers/STM32F1xx_HAL_Driver/Src/stm32f1xx_hal.o] Error 1
make: *** Waiting for unfinished jobs....
make: *** [src/lib/cube_f103/Drivers/STM32F1xx_HAL_Driver/Src/subdir.mk:59: src/lib/cube_f103/Drivers/STM32F1xx_HAL_Driver/Src/stm32f1xx_hal_dma.o] Error 1
make: *** [src/lib/cube_f103/Drivers/STM32F1xx_HAL_Driver/Src/subdir.mk:57: src/lib/cube_f103/Drivers/STM32F1xx_HAL_Driver/Src/stm32f1xx_hal_cortex.o] Error 1
../src/lib/cube_f103/Drivers/STM32F1xx_HAL_Driver/Src/stm32f1xx_hal_flash.c:85:10: fatal error: stm32f1xx_hal.h: No such file or directory
   85 | #include "stm32f1xx_hal.h"
      |          ^~~~~~~~~~~~~~~~~
compilation terminated.
../src/lib/cube_f103/Drivers/STM32F1xx_HAL_Driver/Src/stm32f1xx_hal_exti.c:87:10: fatal error: stm32f1xx_hal.h: No such file or directory
   87 | #include "stm32f1xx_hal.h"
      |          ^~~~~~~~~~~~~~~~~
../src/lib/cube_f103/Drivers/STM32F1xx_HAL_Driver/Src/stm32f1xx_hal_flash_ex.c:43:10: fatal error: stm32f1xx_hal.h: No such file or directory
   43 | #include "stm32f1xx_hal.h"
      |          ^~~~~~~~~~~~~~~~~
compilation terminated.
compilation terminated.
make: *** [src/lib/cube_f103/Drivers/STM32F1xx_HAL_Driver/Src/subdir.mk:63: src/lib/cube_f103/Drivers/STM32F1xx_HAL_Driver/Src/stm32f1xx_hal_flash.o] Error 1
make: *** [src/lib/cube_f103/Drivers/STM32F1xx_HAL_Driver/Src/subdir.mk:65: src/lib/cube_f103/Drivers/STM32F1xx_HAL_Driver/Src/stm32f1xx_hal_flash_ex.o] Error 1
make: *** [src/lib/cube_f103/Drivers/STM32F1xx_HAL_Driver/Src/subdir.mk:61: src/lib/cube_f103/Drivers/STM32F1xx_HAL_Driver/Src/stm32f1xx_hal_exti.o] Error 1
"make -j6 all" terminated with exit code 2. Build might be incomplete.
